<?xml version="1.0" encoding="UTF-8"?>
<!-- Generated by org.testng.reporters.JUnitReportReporter -->
<testsuite hostname="BDC3-DX-49V3N62" name="demo.NewTest4" tests="1" failures="0" timestamp="9 Apr 2019 03:52:27 GMT" time="15.158" errors="0">
  <testcase name="testdropdown" time="15.158" classname="demo.NewTest4"/>
</testsuite> <!-- demo.NewTest4 -->
