<?xml version="1.0" encoding="UTF-8"?>
<!-- Generated by org.testng.reporters.JUnitReportReporter -->
<testsuite hostname="BDC3-DX-49V3N62" name="demo.NewTest2" tests="1" failures="0" timestamp="8 Apr 2019 09:48:38 GMT" time="35.381" errors="0">
  <testcase name="testDragAndDrop" time="35.381" classname="demo.NewTest2"/>
</testsuite> <!-- demo.NewTest2 -->
