<?xml version="1.0" encoding="UTF-8"?>
<!-- Generated by org.testng.reporters.JUnitReportReporter -->
<testsuite hostname="BDC3-DX-49V3N62" name="demo.NewTest5" tests="1" failures="0" timestamp="9 Apr 2019 05:00:47 GMT" time="0.919" errors="0">
  <testcase name="testExtractDataExcel" time="0.919" classname="demo.NewTest5"/>
</testsuite> <!-- demo.NewTest5 -->
