<?xml version="1.0" encoding="UTF-8"?>
<!-- Generated by org.testng.reporters.JUnitReportReporter -->
<testsuite hostname="BDC3-DX-49V3N62" name="demo.NewTest7" tests="1" failures="0" timestamp="9 Apr 2019 07:47:37 GMT" time="0.166" errors="0">
  <testcase name="testJSON" time="0.166" classname="demo.NewTest7"/>
</testsuite> <!-- demo.NewTest7 -->
