<?xml version="1.0" encoding="UTF-8"?>
<!-- Generated by org.testng.reporters.JUnitReportReporter -->
<testsuite hostname="BDC3-DX-49V3N62" name="demo.NewTest6" tests="3" failures="0" timestamp="9 Apr 2019 06:37:10 GMT" time="0.578" errors="0">
  <testcase name="testValidUserDemoWorkshop" time="0.187" classname="demo.NewTest6"/>
  <testcase name="testValidUserDemoWorkshop" time="0.238" classname="demo.NewTest6"/>
  <testcase name="testValidUserDemoWorkshop" time="0.153" classname="demo.NewTest6"/>
</testsuite> <!-- demo.NewTest6 -->
