<?xml version="1.0" encoding="UTF-8"?>
<!-- Generated by org.testng.reporters.JUnitReportReporter -->
<testsuite hostname="BDC3-DX-49V3N62" name="demo.NewTest1" tests="1" failures="0" timestamp="8 Apr 2019 07:41:29 GMT" time="23.888" errors="0">
  <testcase name="test" time="23.888" classname="demo.NewTest1"/>
</testsuite> <!-- demo.NewTest1 -->
